*****************************************************************************
ParFlow Output Log
	Version         : v3.9.0-18-g3358e460
	Compiled on     : Dec 27 2021 13:53:13
*****************************************************************************
==============================================
BEGIN Log Info (SolverRichards)

Transient Problem Solved.
-------------------------

Total Timesteps: 101

-------------------------
Sequence #       Time         \Delta t         Dumpfile #   Recompute?
----------   ------------   ------------ -     ----------   ----------
  000000     0.000000e+00   0.000000e+00 i       000000          n
  000001     5.000000e-02   5.000000e-02 p       000001          y
  000002     1.000000e-01   5.000000e-02 p       000002          y
  000003     1.500000e-01   5.000000e-02 p       000003          y
  000004     2.000000e-01   5.000000e-02 p       000004          y
  000005     2.500000e-01   5.000000e-02 p       000005          y
  000006     3.000000e-01   5.000000e-02 p       000006          y
  000007     3.500000e-01   5.000000e-02 p       000007          y
  000008     4.000000e-01   5.000000e-02 p       000008          y
  000009     4.500000e-01   5.000000e-02 p       000009          y
  000010     5.000000e-01   5.000000e-02 p       000010          y
  000011     5.500000e-01   5.000000e-02 p       000011          y
  000012     6.000000e-01   5.000000e-02 p       000012          y
  000013     6.500000e-01   5.000000e-02 p       000013          y
  000014     7.000000e-01   5.000000e-02 p       000014          y
  000015     7.500000e-01   5.000000e-02 p       000015          y
  000016     8.000000e-01   5.000000e-02 p       000016          y
  000017     8.500000e-01   5.000000e-02 p       000017          y
  000018     9.000000e-01   5.000000e-02 p       000018          y
  000019     9.500000e-01   5.000000e-02 p       000019          y
  000020     1.000000e+00   5.000000e-02 p       000020          y
  000021     1.050000e+00   5.000000e-02 p       000021          y
  000022     1.100000e+00   5.000000e-02 p       000022          y
  000023     1.150000e+00   5.000000e-02 p       000023          y
  000024     1.200000e+00   5.000000e-02 p       000024          y
  000025     1.250000e+00   5.000000e-02 p       000025          y
  000026     1.300000e+00   5.000000e-02 p       000026          y
  000027     1.350000e+00   5.000000e-02 p       000027          y
  000028     1.400000e+00   5.000000e-02 p       000028          y
  000029     1.450000e+00   5.000000e-02 p       000029          y
  000030     1.500000e+00   5.000000e-02 p       000030          y
  000031     1.550000e+00   5.000000e-02 p       000031          y
  000032     1.600000e+00   5.000000e-02 p       000032          y
  000033     1.650000e+00   5.000000e-02 p       000033          y
  000034     1.700000e+00   5.000000e-02 p       000034          y
  000035     1.750000e+00   5.000000e-02 p       000035          y
  000036     1.800000e+00   5.000000e-02 p       000036          y
  000037     1.850000e+00   5.000000e-02 p       000037          y
  000038     1.900000e+00   5.000000e-02 p       000038          y
  000039     1.950000e+00   5.000000e-02 p       000039          y
  000040     2.000000e+00   5.000000e-02 p       000040          y
  000041     2.050000e+00   5.000000e-02 p       000041          y
  000042     2.100000e+00   5.000000e-02 p       000042          y
  000043     2.150000e+00   5.000000e-02 p       000043          y
  000044     2.200000e+00   5.000000e-02 p       000044          y
  000045     2.250000e+00   5.000000e-02 p       000045          y
  000046     2.300000e+00   5.000000e-02 p       000046          y
  000047     2.350000e+00   5.000000e-02 p       000047          y
  000048     2.400000e+00   5.000000e-02 p       000048          y
  000049     2.450000e+00   5.000000e-02 p       000049          y
  000050     2.500000e+00   5.000000e-02 p       000050          y
  000051     2.550000e+00   5.000000e-02 p       000051          y
  000052     2.600000e+00   5.000000e-02 p       000052          y
  000053     2.650000e+00   5.000000e-02 p       000053          y
  000054     2.700000e+00   5.000000e-02 p       000054          y
  000055     2.750000e+00   5.000000e-02 p       000055          y
  000056     2.800000e+00   5.000000e-02 p       000056          y
  000057     2.850000e+00   5.000000e-02 p       000057          y
  000058     2.900000e+00   5.000000e-02 p       000058          y
  000059     2.950000e+00   5.000000e-02 p       000059          y
  000060     3.000000e+00   5.000000e-02 p       000060          y
  000061     3.050000e+00   5.000000e-02 p       000061          y
  000062     3.100000e+00   5.000000e-02 p       000062          y
  000063     3.150000e+00   5.000000e-02 p       000063          y
  000064     3.200000e+00   5.000000e-02 p       000064          y
  000065     3.250000e+00   5.000000e-02 p       000065          y
  000066     3.300000e+00   5.000000e-02 p       000066          y
  000067     3.350000e+00   5.000000e-02 p       000067          y
  000068     3.400000e+00   5.000000e-02 p       000068          y
  000069     3.450000e+00   5.000000e-02 p       000069          y
  000070     3.500000e+00   5.000000e-02 p       000070          y
  000071     3.550000e+00   5.000000e-02 p       000071          y
  000072     3.600000e+00   5.000000e-02 p       000072          y
  000073     3.650000e+00   5.000000e-02 p       000073          y
  000074     3.700000e+00   5.000000e-02 p       000074          y
  000075     3.750000e+00   5.000000e-02 p       000075          y
  000076     3.800000e+00   5.000000e-02 p       000076          y
  000077     3.850000e+00   5.000000e-02 p       000077          y
  000078     3.900000e+00   5.000000e-02 p       000078          y
  000079     3.950000e+00   5.000000e-02 p       000079          y
  000080     4.000000e+00   5.000000e-02 p       000080          y
  000081     4.050000e+00   5.000000e-02 p       000081          y
  000082     4.100000e+00   5.000000e-02 p       000082          y
  000083     4.150000e+00   5.000000e-02 p       000083          y
  000084     4.200000e+00   5.000000e-02 p       000084          y
  000085     4.250000e+00   5.000000e-02 p       000085          y
  000086     4.300000e+00   5.000000e-02 p       000086          y
  000087     4.350000e+00   5.000000e-02 p       000087          y
  000088     4.400000e+00   5.000000e-02 p       000088          y
  000089     4.450000e+00   5.000000e-02 p       000089          y
  000090     4.500000e+00   5.000000e-02 p       000090          y
  000091     4.550000e+00   5.000000e-02 p       000091          y
  000092     4.600000e+00   5.000000e-02 p       000092          y
  000093     4.650000e+00   5.000000e-02 p       000093          y
  000094     4.700000e+00   5.000000e-02 p       000094          y
  000095     4.750000e+00   5.000000e-02 p       000095          y
  000096     4.800000e+00   5.000000e-02 p       000096          y
  000097     4.850000e+00   5.000000e-02 p       000097          y
  000098     4.900000e+00   5.000000e-02 p       000098          y
  000099     4.950000e+00   5.000000e-02 p       000099          y
  000100     5.000000e+00   5.000000e-02 p       000100          y
  000101     5.000000e+00   9.769963e-15 f       000101          y

Overland flow Results
  000000     0.000000e+00   0.000000e+00
  000001     5.000000e-02   5.000000e-02
  000002     1.000000e-01   5.000000e-02
  000003     1.500000e-01   5.000000e-02
  000004     2.000000e-01   5.000000e-02
  000005     2.500000e-01   5.000000e-02
  000006     3.000000e-01   5.000000e-02
  000007     3.500000e-01   5.000000e-02
  000008     4.000000e-01   5.000000e-02
  000009     4.500000e-01   5.000000e-02
  000010     5.000000e-01   5.000000e-02
  000011     5.500000e-01   5.000000e-02
  000012     6.000000e-01   5.000000e-02
  000013     6.500000e-01   5.000000e-02
  000014     7.000000e-01   5.000000e-02
  000015     7.500000e-01   5.000000e-02
  000016     8.000000e-01   5.000000e-02
  000017     8.500000e-01   5.000000e-02
  000018     9.000000e-01   5.000000e-02
  000019     9.500000e-01   5.000000e-02
  000020     1.000000e+00   5.000000e-02
  000021     1.050000e+00   5.000000e-02
  000022     1.100000e+00   5.000000e-02
  000023     1.150000e+00   5.000000e-02
  000024     1.200000e+00   5.000000e-02
  000025     1.250000e+00   5.000000e-02
  000026     1.300000e+00   5.000000e-02
  000027     1.350000e+00   5.000000e-02
  000028     1.400000e+00   5.000000e-02
  000029     1.450000e+00   5.000000e-02
  000030     1.500000e+00   5.000000e-02
  000031     1.550000e+00   5.000000e-02
  000032     1.600000e+00   5.000000e-02
  000033     1.650000e+00   5.000000e-02
  000034     1.700000e+00   5.000000e-02
  000035     1.750000e+00   5.000000e-02
  000036     1.800000e+00   5.000000e-02
  000037     1.850000e+00   5.000000e-02
  000038     1.900000e+00   5.000000e-02
  000039     1.950000e+00   5.000000e-02
  000040     2.000000e+00   5.000000e-02
  000041     2.050000e+00   5.000000e-02
  000042     2.100000e+00   5.000000e-02
  000043     2.150000e+00   5.000000e-02
  000044     2.200000e+00   5.000000e-02
  000045     2.250000e+00   5.000000e-02
  000046     2.300000e+00   5.000000e-02
  000047     2.350000e+00   5.000000e-02
  000048     2.400000e+00   5.000000e-02
  000049     2.450000e+00   5.000000e-02
  000050     2.500000e+00   5.000000e-02
  000051     2.550000e+00   5.000000e-02
  000052     2.600000e+00   5.000000e-02
  000053     2.650000e+00   5.000000e-02
  000054     2.700000e+00   5.000000e-02
  000055     2.750000e+00   5.000000e-02
  000056     2.800000e+00   5.000000e-02
  000057     2.850000e+00   5.000000e-02
  000058     2.900000e+00   5.000000e-02
  000059     2.950000e+00   5.000000e-02
  000060     3.000000e+00   5.000000e-02
  000061     3.050000e+00   5.000000e-02
  000062     3.100000e+00   5.000000e-02
  000063     3.150000e+00   5.000000e-02
  000064     3.200000e+00   5.000000e-02
  000065     3.250000e+00   5.000000e-02
  000066     3.300000e+00   5.000000e-02
  000067     3.350000e+00   5.000000e-02
  000068     3.400000e+00   5.000000e-02
  000069     3.450000e+00   5.000000e-02
  000070     3.500000e+00   5.000000e-02
  000071     3.550000e+00   5.000000e-02
  000072     3.600000e+00   5.000000e-02
  000073     3.650000e+00   5.000000e-02
  000074     3.700000e+00   5.000000e-02
  000075     3.750000e+00   5.000000e-02
  000076     3.800000e+00   5.000000e-02
  000077     3.850000e+00   5.000000e-02
  000078     3.900000e+00   5.000000e-02
  000079     3.950000e+00   5.000000e-02
  000080     4.000000e+00   5.000000e-02
  000081     4.050000e+00   5.000000e-02
  000082     4.100000e+00   5.000000e-02
  000083     4.150000e+00   5.000000e-02
  000084     4.200000e+00   5.000000e-02
  000085     4.250000e+00   5.000000e-02
  000086     4.300000e+00   5.000000e-02
  000087     4.350000e+00   5.000000e-02
  000088     4.400000e+00   5.000000e-02
  000089     4.450000e+00   5.000000e-02
  000090     4.500000e+00   5.000000e-02
  000091     4.550000e+00   5.000000e-02
  000092     4.600000e+00   5.000000e-02
  000093     4.650000e+00   5.000000e-02
  000094     4.700000e+00   5.000000e-02
  000095     4.750000e+00   5.000000e-02
  000096     4.800000e+00   5.000000e-02
  000097     4.850000e+00   5.000000e-02
  000098     4.900000e+00   5.000000e-02
  000099     4.950000e+00   5.000000e-02
  000100     5.000000e+00   5.000000e-02
  000101     5.000000e+00   9.769963e-15

END Log Info
==============================================
==============================================
BEGIN Log Info (Globals)

Run Name: /Users/reed/Projects/ParFlow_example_cases/overland/dunne_over/Dunne
Logging Level = 1
Num processes = 1
Process grid = (1,1,1)

END Log Info
==============================================
==============================================
BEGIN Log Info (Timing)

Solver Setup:
  wall clock time   = 0.011500 seconds
  wall MFLOPS = 0.000000 (0)
Solver:
  wall clock time   = 8.029900 seconds
  wall MFLOPS = 96.210133 (7.72558e+08)
Richards Exclude 1st Time Step:
  wall clock time   = 7.600300 seconds
  wall MFLOPS = 99.496288 (7.56202e+08)
Solver Cleanup:
  wall clock time   = 0.003100 seconds
  wall MFLOPS = 0.000000 (0)
Matvec:
  wall clock time   = 0.380300 seconds
  wall MFLOPS = 715.393111 (2.72064e+08)
PFSB I/O:
  wall clock time   = 0.000000 seconds
  wall MFLOPS = 0.000000 (0)
PFB I/O:
  wall clock time   = 0.098400 seconds
  wall MFLOPS = 0.000000 (0)
CLM:
  wall clock time   = 0.000200 seconds
  wall MFLOPS = 0.000000 (0)
PFSOL Read:
  wall clock time   = 0.000300 seconds
  wall MFLOPS = 0.000000 (0)
Clustering:
  wall clock time   = 0.134900 seconds
  wall MFLOPS = 0.000000 (0)
Permeability Face:
  wall clock time   = 0.000000 seconds
  wall MFLOPS = 0.000000 (0)
Godunov Advection:
  wall clock time   = 0.000000 seconds
  wall MFLOPS = 0.000000 (0)
Geometries:
  wall clock time   = 0.102800 seconds
  wall MFLOPS = 0.000000 (0)
SubsrfSim:
  wall clock time   = 0.000300 seconds
  wall MFLOPS = 0.000000 (0)
Porosity:
  wall clock time   = 0.000100 seconds
  wall MFLOPS = 0.000000 (0)
PhaseRelPerm:
  wall clock time   = 1.388800 seconds
  wall MFLOPS = 0.002697 (3746)
PFMG:
  wall clock time   = 0.472200 seconds
  wall MFLOPS = 0.000000 (0)
HYPRE_Copies:
  wall clock time   = 0.559100 seconds
  wall MFLOPS = 0.000000 (0)
NL_F_Eval:
  wall clock time   = 1.683500 seconds
  wall MFLOPS = 0.000690 (1162)
KINSol:
  wall clock time   = 7.666800 seconds
  wall MFLOPS = 100.766649 (7.72558e+08)

END Log Info
==============================================
==============================================
BEGIN Log Info (ParFlow Total Time)

Total Run Time: 8.060900 seconds




END Log Info
==============================================
