*****************************************************************************
ParFlow Output Log
		v3.3.0
	Compiled on    : Nov 15 2018 16:28:43
*****************************************************************************
==============================================
BEGIN Log Info (SolverRichards)

Transient Problem Solved.
-------------------------

Total Timesteps: 61

-------------------------
Sequence #       Time         \Delta t         Dumpfile #   Recompute?
----------   ------------   ------------ -     ----------   ----------
  000000     0.000000e+00   0.000000e+00 i       000000          n
  000001     5.000000e-02   5.000000e-02 p       000001          y
  000002     1.000000e-01   5.000000e-02 p       000002          y
  000003     1.500000e-01   5.000000e-02 p       000003          y
  000004     2.000000e-01   5.000000e-02 p       000004          y
  000005     2.500000e-01   5.000000e-02 p       000005          y
  000006     3.000000e-01   5.000000e-02 p       000006          y
  000007     3.500000e-01   5.000000e-02 p       000007          y
  000008     4.000000e-01   5.000000e-02 p       000008          y
  000009     4.500000e-01   5.000000e-02 p       000009          y
  000010     5.000000e-01   5.000000e-02 p       000010          y
  000011     5.500000e-01   5.000000e-02 p       000011          y
  000012     6.000000e-01   5.000000e-02 p       000012          y
  000013     6.500000e-01   5.000000e-02 p       000013          y
  000014     7.000000e-01   5.000000e-02 p       000014          y
  000015     7.500000e-01   5.000000e-02 p       000015          y
  000016     8.000000e-01   5.000000e-02 p       000016          y
  000017     8.500000e-01   5.000000e-02 p       000017          y
  000018     9.000000e-01   5.000000e-02 p       000018          y
  000019     9.500000e-01   5.000000e-02 p       000019          y
  000020     1.000000e+00   5.000000e-02 p       000020          y
  000021     1.050000e+00   5.000000e-02 p       000021          y
  000022     1.100000e+00   5.000000e-02 p       000022          y
  000023     1.150000e+00   5.000000e-02 p       000023          y
  000024     1.200000e+00   5.000000e-02 p       000024          y
  000025     1.250000e+00   5.000000e-02 p       000025          y
  000026     1.300000e+00   5.000000e-02 p       000026          y
  000027     1.350000e+00   5.000000e-02 p       000027          y
  000028     1.400000e+00   5.000000e-02 p       000028          y
  000029     1.450000e+00   5.000000e-02 p       000029          y
  000030     1.500000e+00   5.000000e-02 p       000030          y
  000031     1.550000e+00   5.000000e-02 p       000031          y
  000032     1.600000e+00   5.000000e-02 p       000032          y
  000033     1.650000e+00   5.000000e-02 p       000033          y
  000034     1.700000e+00   5.000000e-02 p       000034          y
  000035     1.750000e+00   5.000000e-02 p       000035          y
  000036     1.800000e+00   5.000000e-02 p       000036          y
  000037     1.850000e+00   5.000000e-02 p       000037          y
  000038     1.900000e+00   5.000000e-02 p       000038          y
  000039     1.950000e+00   5.000000e-02 p       000039          y
  000040     2.000000e+00   5.000000e-02 p       000040          y
  000041     2.050000e+00   5.000000e-02 p       000041          y
  000042     2.100000e+00   5.000000e-02 p       000042          y
  000043     2.150000e+00   5.000000e-02 p       000043          y
  000044     2.200000e+00   5.000000e-02 p       000044          y
  000045     2.250000e+00   5.000000e-02 p       000045          y
  000046     2.300000e+00   5.000000e-02 p       000046          y
  000047     2.350000e+00   5.000000e-02 p       000047          y
  000048     2.400000e+00   5.000000e-02 p       000048          y
  000049     2.450000e+00   5.000000e-02 p       000049          y
  000050     2.500000e+00   5.000000e-02 p       000050          y
  000051     2.550000e+00   5.000000e-02 p       000051          y
  000052     2.600000e+00   5.000000e-02 p       000052          y
  000053     2.650000e+00   5.000000e-02 p       000053          y
  000054     2.700000e+00   5.000000e-02 p       000054          y
  000055     2.750000e+00   5.000000e-02 p       000055          y
  000056     2.800000e+00   5.000000e-02 p       000056          y
  000057     2.850000e+00   5.000000e-02 p       000057          y
  000058     2.900000e+00   5.000000e-02 p       000058          y
  000059     2.950000e+00   5.000000e-02 p       000059          y
  000060     3.000000e+00   5.000000e-02 p       000060          y
  000061     3.000000e+00   2.664535e-15 f       000061          y

Overland flow Results
  000000     0.000000e+00   0.000000e+00
  000001     5.000000e-02   5.000000e-02
  000002     1.000000e-01   5.000000e-02
  000003     1.500000e-01   5.000000e-02
  000004     2.000000e-01   5.000000e-02
  000005     2.500000e-01   5.000000e-02
  000006     3.000000e-01   5.000000e-02
  000007     3.500000e-01   5.000000e-02
  000008     4.000000e-01   5.000000e-02
  000009     4.500000e-01   5.000000e-02
  000010     5.000000e-01   5.000000e-02
  000011     5.500000e-01   5.000000e-02
  000012     6.000000e-01   5.000000e-02
  000013     6.500000e-01   5.000000e-02
  000014     7.000000e-01   5.000000e-02
  000015     7.500000e-01   5.000000e-02
  000016     8.000000e-01   5.000000e-02
  000017     8.500000e-01   5.000000e-02
  000018     9.000000e-01   5.000000e-02
  000019     9.500000e-01   5.000000e-02
  000020     1.000000e+00   5.000000e-02
  000021     1.050000e+00   5.000000e-02
  000022     1.100000e+00   5.000000e-02
  000023     1.150000e+00   5.000000e-02
  000024     1.200000e+00   5.000000e-02
  000025     1.250000e+00   5.000000e-02
  000026     1.300000e+00   5.000000e-02
  000027     1.350000e+00   5.000000e-02
  000028     1.400000e+00   5.000000e-02
  000029     1.450000e+00   5.000000e-02
  000030     1.500000e+00   5.000000e-02
  000031     1.550000e+00   5.000000e-02
  000032     1.600000e+00   5.000000e-02
  000033     1.650000e+00   5.000000e-02
  000034     1.700000e+00   5.000000e-02
  000035     1.750000e+00   5.000000e-02
  000036     1.800000e+00   5.000000e-02
  000037     1.850000e+00   5.000000e-02
  000038     1.900000e+00   5.000000e-02
  000039     1.950000e+00   5.000000e-02
  000040     2.000000e+00   5.000000e-02
  000041     2.050000e+00   5.000000e-02
  000042     2.100000e+00   5.000000e-02
  000043     2.150000e+00   5.000000e-02
  000044     2.200000e+00   5.000000e-02
  000045     2.250000e+00   5.000000e-02
  000046     2.300000e+00   5.000000e-02
  000047     2.350000e+00   5.000000e-02
  000048     2.400000e+00   5.000000e-02
  000049     2.450000e+00   5.000000e-02
  000050     2.500000e+00   5.000000e-02
  000051     2.550000e+00   5.000000e-02
  000052     2.600000e+00   5.000000e-02
  000053     2.650000e+00   5.000000e-02
  000054     2.700000e+00   5.000000e-02
  000055     2.750000e+00   5.000000e-02
  000056     2.800000e+00   5.000000e-02
  000057     2.850000e+00   5.000000e-02
  000058     2.900000e+00   5.000000e-02
  000059     2.950000e+00   5.000000e-02
  000060     3.000000e+00   5.000000e-02
  000061     3.000000e+00   2.664535e-15

END Log Info
==============================================
==============================================
BEGIN Log Info (Globals)

Run Name: heterog
Logging Level = 1
Num processes = 1
Process grid = (1,1,1)

END Log Info
==============================================
==============================================
BEGIN Log Info (Timing)

Solver Setup:
  wall clock time   = 0.019200 seconds
  wall MFLOPS = 0.000000 (0)
Solver:
  wall clock time   = 17.474900 seconds
  wall MFLOPS = 67.202974 (1.17437e+09)
Solver Cleanup:
  wall clock time   = 0.007400 seconds
  wall MFLOPS = 0.000000 (0)
Matvec:
  wall clock time   = 0.244000 seconds
  wall MFLOPS = 1454.950820 (3.55008e+08)
PFSB I/O:
  wall clock time   = 0.000000 seconds
  wall MFLOPS = 0.000000 (0)
PFB I/O:
  wall clock time   = 0.869600 seconds
  wall MFLOPS = 0.000000 (0)
CLM:
  wall clock time   = 0.000600 seconds
  wall MFLOPS = 0.000000 (0)
PFSOL Read:
  wall clock time   = 0.000500 seconds
  wall MFLOPS = 0.000000 (0)
Permeability Face:
  wall clock time   = 0.000000 seconds
  wall MFLOPS = 0.000000 (0)
Godunov Advection:
  wall clock time   = 0.000000 seconds
  wall MFLOPS = 0.000000 (0)
Geometries:
  wall clock time   = 0.021600 seconds
  wall MFLOPS = 0.000000 (0)
SubsrfSim:
  wall clock time   = 2.277000 seconds
  wall MFLOPS = 0.000000 (0)
Porosity:
  wall clock time   = 0.000100 seconds
  wall MFLOPS = 0.000000 (0)
PhaseRelPerm:
  wall clock time   = 4.528200 seconds
  wall MFLOPS = 0.000716 (3242)
PFMG:
  wall clock time   = 1.035200 seconds
  wall MFLOPS = 0.000000 (0)
HYPRE_Copies:
  wall clock time   = 0.540100 seconds
  wall MFLOPS = 0.000000 (0)
NL_F_Eval:
  wall clock time   = 4.511000 seconds
  wall MFLOPS = 0.000290 (1306)
KINSol:
  wall clock time   = 14.208800 seconds
  wall MFLOPS = 82.650558 (1.17437e+09)

END Log Info
==============================================
==============================================
BEGIN Log Info (ParFlow Total Time)

Total Run Time: 17.553200 seconds




END Log Info
==============================================
